[INFO  - 2019-02-28T14:25:14.222Z] GhostDriver - Main - running on port 54475
[INFO  - 2019-02-28T14:25:18.329Z] Session [ac300f70-3b64-11e9-a7b1-e5789af0daed] - page.settings - {"XSSAuditingEnabled":false,"javascriptCanCloseWindows":true,"javascriptCanOpenWindows":true,"javascriptEnabled":true,"loadImages":true,"localToRemoteUrlAccessEnabled":false,"userAgent":"Mozilla/5.0 (Windows NT 6.2; WOW64) AppleWebKit/538.1 (KHTML, like Gecko) PhantomJS/2.1.1 Safari/538.1","webSecurityEnabled":true}
[INFO  - 2019-02-28T14:25:18.329Z] Session [ac300f70-3b64-11e9-a7b1-e5789af0daed] - page.customHeaders:  - {}
[INFO  - 2019-02-28T14:25:18.329Z] Session [ac300f70-3b64-11e9-a7b1-e5789af0daed] - Session.negotiatedCapabilities - {"browserName":"phantomjs","version":"2.1.1","driverName":"ghostdriver","driverVersion":"1.2.0","platform":"windows-10-32bit","javascriptEnabled":true,"takesScreenshot":true,"handlesAlerts":false,"databaseEnabled":false,"locationContextEnabled":false,"applicationCacheEnabled":false,"browserConnectionEnabled":false,"cssSelectorsEnabled":true,"webStorageEnabled":false,"rotatable":false,"acceptSslCerts":false,"nativeEvents":true,"proxy":{"proxyType":"direct"}}
[INFO  - 2019-02-28T14:25:18.329Z] SessionManagerReqHand - _postNewSessionCommand - New Session Created: ac300f70-3b64-11e9-a7b1-e5789af0daed
[ERROR - 2019-02-28T14:25:22.593Z] Session [ac300f70-3b64-11e9-a7b1-e5789af0daed] - page.onError - msg: TypeError: Attempting to configurable attribute of unconfigurable property.

  phantomjs://platform/console++.js:263 in error
[ERROR - 2019-02-28T14:25:22.594Z] Session [ac300f70-3b64-11e9-a7b1-e5789af0daed] - page.onError - stack:
  defineProperty (https://assets.adobedtm.com/1d1f22b7fbd1c6b82b92f8fffd66868071b86080/scripts/satellite-5ba934fc64746d1c88001ef7.js:2)
  e (https://assets.adobedtm.com/1d1f22b7fbd1c6b82b92f8fffd66868071b86080/scripts/satellite-5ba934fc64746d1c88001ef7.js:2)
  (anonymous function) (https://assets.adobedtm.com/1d1f22b7fbd1c6b82b92f8fffd66868071b86080/scripts/satellite-5ba934fc64746d1c88001ef7.js:2)
  (anonymous function) (https://assets.adobedtm.com/1d1f22b7fbd1c6b82b92f8fffd66868071b86080/scripts/satellite-5ba934fc64746d1c88001ef7.js:2)
  (anonymous function) (https://assets.adobedtm.com/1d1f22b7fbd1c6b82b92f8fffd66868071b86080/scripts/satellite-5ba934fc64746d1c88001ef7.js:2)
  (anonymous function) (https://assets.adobedtm.com/1d1f22b7fbd1c6b82b92f8fffd66868071b86080/scripts/satellite-5ba934fc64746d1c88001ef7.js:2)
  t (https://assets.adobedtm.com/1d1f22b7fbd1c6b82b92f8fffd66868071b86080/scripts/satellite-5ba934fc64746d1c88001ef7.js:2)
  r (https://assets.adobedtm.com/1d1f22b7fbd1c6b82b92f8fffd66868071b86080/scripts/satellite-5ba934fc64746d1c88001ef7.js:2)
  (anonymous function) (https://assets.adobedtm.com/1d1f22b7fbd1c6b82b92f8fffd66868071b86080/scripts/satellite-5ba934fc64746d1c88001ef7.js:2)
  reduce (:0)
  (anonymous function) (https://assets.adobedtm.com/1d1f22b7fbd1c6b82b92f8fffd66868071b86080/scripts/satellite-5ba934fc64746d1c88001ef7.js:2)
  (anonymous function) (https://assets.adobedtm.com/1d1f22b7fbd1c6b82b92f8fffd66868071b86080/scripts/satellite-5ba934fc64746d1c88001ef7.js:2)
  t (https://assets.adobedtm.com/1d1f22b7fbd1c6b82b92f8fffd66868071b86080/scripts/satellite-5ba934fc64746d1c88001ef7.js:2)
  (anonymous function) (https://assets.adobedtm.com/1d1f22b7fbd1c6b82b92f8fffd66868071b86080/scripts/satellite-5ba934fc64746d1c88001ef7.js:2)
  (anonymous function) (https://assets.adobedtm.com/1d1f22b7fbd1c6b82b92f8fffd66868071b86080/scripts/satellite-5ba934fc64746d1c88001ef7.js:2)
  (anonymous function) (https://assets.adobedtm.com/1d1f22b7fbd1c6b82b92f8fffd66868071b86080/scripts/satellite-5ba934fc64746d1c88001ef7.js:2)
  (anonymous function) (https://assets.adobedtm.com/1d1f22b7fbd1c6b82b92f8fffd66868071b86080/scripts/satellite-5ba934fc64746d1c88001ef7.js:2)
  pushBlockingScript (https://assets.adobedtm.com/1d1f22b7fbd1c6b82b92f8fffd66868071b86080/satelliteLib-fa25bab22138a5e024a2482c63100bc96327f717.js:12)
  pushBlockingScript (https://assets.adobedtm.com/1d1f22b7fbd1c6b82b92f8fffd66868071b86080/satelliteLib-fa25bab22138a5e024a2482c63100bc96327f717.js:11)

  phantomjs://platform/console++.js:263 in error
[ERROR - 2019-02-28T14:25:24.516Z] Session [ac300f70-3b64-11e9-a7b1-e5789af0daed] - page.onError - msg: ReferenceError: Can't find variable: AdobePrivacy

  phantomjs://platform/console++.js:263 in error
[ERROR - 2019-02-28T14:25:24.517Z] Session [ac300f70-3b64-11e9-a7b1-e5789af0daed] - page.onError - stack:
  global code (https://assets.adobedtm.com/1d1f22b7fbd1c6b82b92f8fffd66868071b86080/s-code-contents-e79c0a9ed7ac4ad3ba68edae3fdfcf4f07968367.js:25)

  phantomjs://platform/console++.js:263 in error
[ERROR - 2019-02-28T14:25:32.389Z] Session [ac300f70-3b64-11e9-a7b1-e5789af0daed] - page.onError - msg: ReferenceError: Can't find variable: pSUPERFLY

  phantomjs://platform/console++.js:263 in error
[ERROR - 2019-02-28T14:25:32.389Z] Session [ac300f70-3b64-11e9-a7b1-e5789af0daed] - page.onError - stack:
  global code (https://in.global.nba.com/players/#!/jaylen_adams:1)
  insertBefore (:0)
  (anonymous function) (https://www.googletagmanager.com/gtm.js?id=GTM-K6VV8QC&gtm_cookies_win=x&l=gtmDataLayer&__=1551363922943:1025)
  c (https://www.googletagmanager.com/gtm.js?id=GTM-K6VV8QC&gtm_cookies_win=x&l=gtmDataLayer&__=1551363922943:1027)
  Ub (https://www.googletagmanager.com/gtm.js?id=GTM-K6VV8QC&gtm_cookies_win=x&l=gtmDataLayer&__=1551363922943:908)
  h (https://www.googletagmanager.com/gtm.js?id=GTM-K6VV8QC&gtm_cookies_win=x&l=gtmDataLayer&__=1551363922943:944)
  (anonymous function) (https://www.googletagmanager.com/gtm.js?id=GTM-K6VV8QC&gtm_cookies_win=x&l=gtmDataLayer&__=1551363922943:888)
  (anonymous function) (https://www.googletagmanager.com/gtm.js?id=GTM-K6VV8QC&gtm_cookies_win=x&l=gtmDataLayer&__=1551363922943:946)
  (anonymous function) (https://www.googletagmanager.com/gtm.js?id=GTM-K6VV8QC&gtm_cookies_win=x&l=gtmDataLayer&__=1551363922943:945)
  Md (https://www.googletagmanager.com/gtm.js?id=GTM-K6VV8QC&gtm_cookies_win=x&l=gtmDataLayer&__=1551363922943:946)
  Od (https://www.googletagmanager.com/gtm.js?id=GTM-K6VV8QC&gtm_cookies_win=x&l=gtmDataLayer&__=1551363922943:948)
  ve (https://www.googletagmanager.com/gtm.js?id=GTM-K6VV8QC&gtm_cookies_win=x&l=gtmDataLayer&__=1551363922943:954)
  we (https://www.googletagmanager.com/gtm.js?id=GTM-K6VV8QC&gtm_cookies_win=x&l=gtmDataLayer&__=1551363922943:953)
  xe (https://www.googletagmanager.com/gtm.js?id=GTM-K6VV8QC&gtm_cookies_win=x&l=gtmDataLayer&__=1551363922943:956)
  push (https://www.googletagmanager.com/gtm.js?id=GTM-K6VV8QC&gtm_cookies_win=x&l=gtmDataLayer&__=1551363922943:958)
  push (https://www.google-analytics.com/gtm/js?id=GTM-MQPKHJS&l=gtmDataLayer&t=gtm6&cid=13863475.1551363925:93)
  ue (https://www.googletagmanager.com/gtm.js?id=GTM-K6VV8QC&gtm_cookies_win=x&l=gtmDataLayer&__=1551363922943:953)
  Ug (https://www.googletagmanager.com/gtm.js?id=GTM-K6VV8QC&gtm_cookies_win=x&l=gtmDataLayer&__=1551363922943:980)
  (anonymous function) (https://www.googletagmanager.com/gtm.js?id=GTM-K6VV8QC&gtm_cookies_win=x&l=gtmDataLayer&__=1551363922943:1020)
  (anonymous function) (https://www.googletagmanager.com/gtm.js?id=GTM-K6VV8QC&gtm_cookies_win=x&l=gtmDataLayer&__=1551363922943:1019)

  phantomjs://platform/console++.js:263 in error
